<?xml version="1.0" encoding="UTF-8"?>
<testsuite xmlns:xsi="http://www.w3.org/2001/XMLSchema-instance" xsi:noNamespaceSchemaLocation="https://maven.apache.org/surefire/maven-surefire-plugin/xsd/surefire-test-report-3.0.xsd" version="3.0" name="fr.leet.numbers.NumberWorkerTest" time="0.151" tests="21" errors="0" skipped="0" failures="0">
  <properties>
    <property name="java.specification.version" value="21"/>
    <property name="sun.jnu.encoding" value="UTF-8"/>
    <property name="java.class.path" value="/Users/orahmoun/repos/java_module/day06/ex03/Tests/target/test-classes:/Users/orahmoun/repos/java_module/day06/ex03/Tests/target/classes:/Users/orahmoun/.m2/repository/org/junit/jupiter/junit-jupiter-api/5.10.0/junit-jupiter-api-5.10.0.jar:/Users/orahmoun/.m2/repository/org/opentest4j/opentest4j/1.3.0/opentest4j-1.3.0.jar:/Users/orahmoun/.m2/repository/org/junit/platform/junit-platform-commons/1.10.0/junit-platform-commons-1.10.0.jar:/Users/orahmoun/.m2/repository/org/apiguardian/apiguardian-api/1.1.2/apiguardian-api-1.1.2.jar:/Users/orahmoun/.m2/repository/org/junit/jupiter/junit-jupiter-engine/5.10.0/junit-jupiter-engine-5.10.0.jar:/Users/orahmoun/.m2/repository/org/junit/platform/junit-platform-engine/1.10.0/junit-platform-engine-1.10.0.jar:/Users/orahmoun/.m2/repository/org/junit/jupiter/junit-jupiter-params/5.10.0/junit-jupiter-params-5.10.0.jar:/Users/orahmoun/.m2/repository/org/hsqldb/hsqldb/2.7.2/hsqldb-2.7.2.jar:/Users/orahmoun/.m2/repository/org/springframework/spring-jdbc/6.0.13/spring-jdbc-6.0.13.jar:/Users/orahmoun/.m2/repository/org/springframework/spring-beans/6.0.13/spring-beans-6.0.13.jar:/Users/orahmoun/.m2/repository/org/springframework/spring-core/6.0.13/spring-core-6.0.13.jar:/Users/orahmoun/.m2/repository/org/springframework/spring-jcl/6.0.13/spring-jcl-6.0.13.jar:/Users/orahmoun/.m2/repository/org/springframework/spring-tx/6.0.13/spring-tx-6.0.13.jar:"/>
    <property name="java.vm.vendor" value="Homebrew"/>
    <property name="sun.arch.data.model" value="64"/>
    <property name="java.vendor.url" value="https://github.com/Homebrew/homebrew-core/issues"/>
    <property name="os.name" value="Mac OS X"/>
    <property name="java.vm.specification.version" value="21"/>
    <property name="sun.java.launcher" value="SUN_STANDARD"/>
    <property name="user.country" value="US"/>
    <property name="sun.boot.library.path" value="/Users/orahmoun/.brew/Cellar/openjdk/21.0.1/libexec/openjdk.jdk/Contents/Home/lib"/>
    <property name="sun.java.command" value="/Users/orahmoun/repos/java_module/day06/ex03/Tests/target/surefire/surefirebooter-20231115152227241_3.jar /Users/orahmoun/repos/java_module/day06/ex03/Tests/target/surefire 2023-11-15T15-22-26_949-jvmRun1 surefire-20231115152227241_1tmp surefire_0-20231115152227241_2tmp"/>
    <property name="http.nonProxyHosts" value="local|*.local|169.254/16|*.169.254/16"/>
    <property name="jdk.debug" value="release"/>
    <property name="surefire.test.class.path" value="/Users/orahmoun/repos/java_module/day06/ex03/Tests/target/test-classes:/Users/orahmoun/repos/java_module/day06/ex03/Tests/target/classes:/Users/orahmoun/.m2/repository/org/junit/jupiter/junit-jupiter-api/5.10.0/junit-jupiter-api-5.10.0.jar:/Users/orahmoun/.m2/repository/org/opentest4j/opentest4j/1.3.0/opentest4j-1.3.0.jar:/Users/orahmoun/.m2/repository/org/junit/platform/junit-platform-commons/1.10.0/junit-platform-commons-1.10.0.jar:/Users/orahmoun/.m2/repository/org/apiguardian/apiguardian-api/1.1.2/apiguardian-api-1.1.2.jar:/Users/orahmoun/.m2/repository/org/junit/jupiter/junit-jupiter-engine/5.10.0/junit-jupiter-engine-5.10.0.jar:/Users/orahmoun/.m2/repository/org/junit/platform/junit-platform-engine/1.10.0/junit-platform-engine-1.10.0.jar:/Users/orahmoun/.m2/repository/org/junit/jupiter/junit-jupiter-params/5.10.0/junit-jupiter-params-5.10.0.jar:/Users/orahmoun/.m2/repository/org/hsqldb/hsqldb/2.7.2/hsqldb-2.7.2.jar:/Users/orahmoun/.m2/repository/org/springframework/spring-jdbc/6.0.13/spring-jdbc-6.0.13.jar:/Users/orahmoun/.m2/repository/org/springframework/spring-beans/6.0.13/spring-beans-6.0.13.jar:/Users/orahmoun/.m2/repository/org/springframework/spring-core/6.0.13/spring-core-6.0.13.jar:/Users/orahmoun/.m2/repository/org/springframework/spring-jcl/6.0.13/spring-jcl-6.0.13.jar:/Users/orahmoun/.m2/repository/org/springframework/spring-tx/6.0.13/spring-tx-6.0.13.jar:"/>
    <property name="sun.cpu.endian" value="little"/>
    <property name="user.home" value="/Users/orahmoun"/>
    <property name="user.language" value="en"/>
    <property name="java.specification.vendor" value="Oracle Corporation"/>
    <property name="java.version.date" value="2023-10-17"/>
    <property name="java.home" value="/Users/orahmoun/.brew/Cellar/openjdk/21.0.1/libexec/openjdk.jdk/Contents/Home"/>
    <property name="file.separator" value="/"/>
    <property name="basedir" value="/Users/orahmoun/repos/java_module/day06/ex03/Tests"/>
    <property name="java.vm.compressedOopsMode" value="Zero based"/>
    <property name="line.separator" value="&#10;"/>
    <property name="java.vm.specification.vendor" value="Oracle Corporation"/>
    <property name="java.specification.name" value="Java Platform API Specification"/>
    <property name="apple.awt.application.name" value="ForkedBooter"/>
    <property name="surefire.real.class.path" value="/Users/orahmoun/repos/java_module/day06/ex03/Tests/target/surefire/surefirebooter-20231115152227241_3.jar"/>
    <property name="sun.management.compiler" value="HotSpot 64-Bit Tiered Compilers"/>
    <property name="ftp.nonProxyHosts" value="local|*.local|169.254/16|*.169.254/16"/>
    <property name="java.runtime.version" value="21.0.1"/>
    <property name="user.name" value="orahmoun"/>
    <property name="stdout.encoding" value="UTF-8"/>
    <property name="path.separator" value=":"/>
    <property name="os.version" value="10.15.7"/>
    <property name="java.runtime.name" value="OpenJDK Runtime Environment"/>
    <property name="file.encoding" value="UTF-8"/>
    <property name="java.vm.name" value="OpenJDK 64-Bit Server VM"/>
    <property name="java.vendor.version" value="Homebrew"/>
    <property name="localRepository" value="/Users/orahmoun/.m2/repository"/>
    <property name="java.vendor.url.bug" value="https://github.com/Homebrew/homebrew-core/issues"/>
    <property name="java.io.tmpdir" value="/var/folders/zz/zyxvpxvq6csfxvn_n000cd6r00339p/T/"/>
    <property name="java.version" value="21.0.1"/>
    <property name="user.dir" value="/Users/orahmoun/repos/java_module/day06/ex03/Tests"/>
    <property name="os.arch" value="x86_64"/>
    <property name="java.vm.specification.name" value="Java Virtual Machine Specification"/>
    <property name="native.encoding" value="UTF-8"/>
    <property name="java.library.path" value="/Users/orahmoun/Library/Java/Extensions:/Library/Java/Extensions:/Network/Library/Java/Extensions:/System/Library/Java/Extensions:/usr/lib/java:."/>
    <property name="java.vm.info" value="mixed mode, sharing"/>
    <property name="stderr.encoding" value="UTF-8"/>
    <property name="java.vendor" value="Homebrew"/>
    <property name="java.vm.version" value="21.0.1"/>
    <property name="sun.io.unicode.encoding" value="UnicodeBig"/>
    <property name="socksNonProxyHosts" value="local|*.local|169.254/16|*.169.254/16"/>
    <property name="java.class.version" value="65.0"/>
  </properties>
  <testcase name="isPrimeForNotPrimes(int)[1]" classname="fr.leet.numbers.NumberWorkerTest" time="0.04"/>
  <testcase name="isPrimeForNotPrimes(int)[2]" classname="fr.leet.numbers.NumberWorkerTest" time="0.001"/>
  <testcase name="isPrimeForNotPrimes(int)[3]" classname="fr.leet.numbers.NumberWorkerTest" time="0.0"/>
  <testcase name="digitsSumTest(String, String)[1]" classname="fr.leet.numbers.NumberWorkerTest" time="0.004"/>
  <testcase name="digitsSumTest(String, String)[2]" classname="fr.leet.numbers.NumberWorkerTest" time="0.0"/>
  <testcase name="digitsSumTest(String, String)[3]" classname="fr.leet.numbers.NumberWorkerTest" time="0.001"/>
  <testcase name="digitsSumTest(String, String)[4]" classname="fr.leet.numbers.NumberWorkerTest" time="0.001"/>
  <testcase name="digitsSumTest(String, String)[5]" classname="fr.leet.numbers.NumberWorkerTest" time="0.0"/>
  <testcase name="digitsSumTest(String, String)[6]" classname="fr.leet.numbers.NumberWorkerTest" time="0.001"/>
  <testcase name="digitsSumTest(String, String)[7]" classname="fr.leet.numbers.NumberWorkerTest" time="0.001"/>
  <testcase name="digitsSumTest(String, String)[8]" classname="fr.leet.numbers.NumberWorkerTest" time="0.001"/>
  <testcase name="digitsSumTest(String, String)[9]" classname="fr.leet.numbers.NumberWorkerTest" time="0.0"/>
  <testcase name="digitsSumTest(String, String)[10]" classname="fr.leet.numbers.NumberWorkerTest" time="0.0"/>
  <testcase name="digitsSumTest(String, String)[11]" classname="fr.leet.numbers.NumberWorkerTest" time="0.001"/>
  <testcase name="digitsSumTest(String, String)[12]" classname="fr.leet.numbers.NumberWorkerTest" time="0.0"/>
  <testcase name="isPrimeForPrimes(int)[1]" classname="fr.leet.numbers.NumberWorkerTest" time="0.001"/>
  <testcase name="isPrimeForPrimes(int)[2]" classname="fr.leet.numbers.NumberWorkerTest" time="0.0"/>
  <testcase name="isPrimeForPrimes(int)[3]" classname="fr.leet.numbers.NumberWorkerTest" time="0.0"/>
  <testcase name="isPrimeForNoneValidNumbers(int)[1]" classname="fr.leet.numbers.NumberWorkerTest" time="0.004"/>
  <testcase name="isPrimeForNoneValidNumbers(int)[2]" classname="fr.leet.numbers.NumberWorkerTest" time="0.001"/>
  <testcase name="isPrimeForNoneValidNumbers(int)[3]" classname="fr.leet.numbers.NumberWorkerTest" time="0.001"/>
</testsuite>